0 info it worked if it ends with ok
1 verbose cli [ '/usr/bin/node', '/usr/bin/npm', 'publish' ]
2 info using npm@3.5.2
3 info using node@v8.10.0
4 verbose publish [ '.' ]
5 silly cache add args [ '.', null ]
6 verbose cache add spec .
7 silly cache add parsed spec Result {
7 silly cache add   raw: '.',
7 silly cache add   scope: null,
7 silly cache add   name: null,
7 silly cache add   rawSpec: '.',
7 silly cache add   spec: '/home/bb-visionary/Documents/Programming/ReactJS-Image-Multi-Crop',
7 silly cache add   type: 'directory' }
8 verbose addLocalDirectory /home/bb-visionary/.npm/react-image-multi-crop/0.0.2/package.tgz not in flight; packing
9 info lifecycle react-image-multi-crop@0.0.2~prepublish: react-image-multi-crop@0.0.2
10 silly lifecycle react-image-multi-crop@0.0.2~prepublish: no script for prepublish, continuing
11 verbose tar pack [ '/home/bb-visionary/.npm/react-image-multi-crop/0.0.2/package.tgz',
11 verbose tar pack   '/home/bb-visionary/Documents/Programming/ReactJS-Image-Multi-Crop' ]
12 verbose tarball /home/bb-visionary/.npm/react-image-multi-crop/0.0.2/package.tgz
13 verbose folder /home/bb-visionary/Documents/Programming/ReactJS-Image-Multi-Crop
14 verbose addLocalTarball adding from inside cache /home/bb-visionary/.npm/react-image-multi-crop/0.0.2/package.tgz
15 silly cache afterAdd react-image-multi-crop@0.0.2
16 verbose afterAdd /home/bb-visionary/.npm/react-image-multi-crop/0.0.2/package/package.json not in flight; writing
17 verbose afterAdd /home/bb-visionary/.npm/react-image-multi-crop/0.0.2/package/package.json written
18 silly publish { name: 'react-image-multi-crop',
18 silly publish   version: '0.0.2',
18 silly publish   description: '',
18 silly publish   main: 'dist/index.js',
18 silly publish   scripts:
18 silly publish    { test: 'echo "Error: no test specified" && exit 1',
18 silly publish      prepublishOnly: 'babel ./src --out-dir ./dist -s inline' },
18 silly publish   repository:
18 silly publish    { type: 'git',
18 silly publish      url: 'git+https://github.com/cc-visionary/ReactJS-Image-Multi-Crop.git' },
18 silly publish   author: { name: 'CC-Visionary' },
18 silly publish   license: 'ISC',
18 silly publish   bugs:
18 silly publish    { url: 'https://github.com/cc-visionary/ReactJS-Image-Multi-Crop/issues' },
18 silly publish   homepage: 'https://github.com/cc-visionary/ReactJS-Image-Multi-Crop#readme',
18 silly publish   devDependencies:
18 silly publish    { '@babel/cli': '^7.4.4',
18 silly publish      '@babel/core': '^7.4.5',
18 silly publish      '@babel/preset-env': '^7.4.5',
18 silly publish      '@babel/preset-react': '^7.0.0' },
18 silly publish   peerDependencies: { react: '^16.8.0' },
18 silly publish   files: [ 'dist/*' ],
18 silly publish   readme: '# ReactJS-Image-Multi-Crop\n',
18 silly publish   readmeFilename: 'README.md',
18 silly publish   gitHead: 'ad521d742d80b83345d9c8ac20319e758998e526',
18 silly publish   _id: 'react-image-multi-crop@0.0.2',
18 silly publish   _shasum: 'a3bb19c100b23f8bff0c8e6d87a9fd193d1357d4',
18 silly publish   _from: '.' }
19 verbose getPublishConfig undefined
20 silly mapToRegistry name react-image-multi-crop
21 silly mapToRegistry using default registry
22 silly mapToRegistry registry https://registry.npmjs.org/
23 silly mapToRegistry uri https://registry.npmjs.org/react-image-multi-crop
24 verbose publish registryBase https://registry.npmjs.org/
25 silly publish uploading /home/bb-visionary/.npm/react-image-multi-crop/0.0.2/package.tgz
26 verbose request uri https://registry.npmjs.org/react-image-multi-crop
27 verbose request sending authorization for write operation
28 info attempt registry request try #1 at 12:47:47 PM
29 verbose request using bearer token for auth
30 verbose request id 8833a596709b0447
31 http request PUT https://registry.npmjs.org/react-image-multi-crop
32 http 403 https://registry.npmjs.org/react-image-multi-crop
33 verbose headers { date: 'Sat, 15 Jun 2019 04:47:47 GMT',
33 verbose headers   'content-type': 'application/json',
33 verbose headers   'transfer-encoding': 'chunked',
33 verbose headers   connection: 'keep-alive',
33 verbose headers   'set-cookie':
33 verbose headers    [ '__cfduid=dc002dcb69c88d30df6285cc59a0f97a61560574067; expires=Sun, 14-Jun-20 04:47:47 GMT; path=/; domain=.npmjs.org; HttpOnly' ],
33 verbose headers   'cf-ray': '4e71e86f7d8760e8-MNL',
33 verbose headers   'expect-ct': 'max-age=604800, report-uri="https://report-uri.cloudflare.com/cdn-cgi/beacon/expect-ct"',
33 verbose headers   vary: 'Accept-Encoding',
33 verbose headers   server: 'cloudflare',
33 verbose headers   'content-encoding': 'gzip' }
34 verbose request invalidating /home/bb-visionary/.npm/registry.npmjs.org/react-image-multi-crop on PUT
35 error publish Failed PUT 403
36 verbose stack Error: react-image-multi-crop cannot be republished until 24 hours have passed. : react-image-multi-crop
36 verbose stack     at makeError (/usr/share/npm/node_modules/npm-registry-client/lib/request.js:264:12)
36 verbose stack     at CachingRegistryClient.<anonymous> (/usr/share/npm/node_modules/npm-registry-client/lib/request.js:252:14)
36 verbose stack     at /usr/share/npm/node_modules/npm-registry-client/lib/request.js:178:7
36 verbose stack     at Gunzip.onEnd (zlib.js:131:5)
36 verbose stack     at emitNone (events.js:111:20)
36 verbose stack     at Gunzip.emit (events.js:208:7)
36 verbose stack     at endReadableNT (_stream_readable.js:1064:12)
36 verbose stack     at _combinedTickCallback (internal/process/next_tick.js:138:11)
36 verbose stack     at process._tickCallback (internal/process/next_tick.js:180:9)
37 verbose statusCode 403
38 verbose pkgid react-image-multi-crop
39 verbose cwd /home/bb-visionary/Documents/Programming/ReactJS-Image-Multi-Crop
40 error Linux 4.18.0-21-generic
41 error argv "/usr/bin/node" "/usr/bin/npm" "publish"
42 error node v8.10.0
43 error npm  v3.5.2
44 error code E403
45 error react-image-multi-crop cannot be republished until 24 hours have passed. : react-image-multi-crop
46 error If you need help, you may report this error at:
46 error     <https://github.com/npm/npm/issues>
47 verbose exit [ 1, true ]
